<testsuite name="RCL Foundation Conformance" tests="93" failures="0">
    <testcase name="manifest-completeness"/>
    <testcase name="manifest-schema-fields"/>
    <testcase name="version-compatibility"/>
    <testcase name="runtime-invocation:examples/eight-domain-foundation.rcl"/>
    <testcase name="runtime-result-shape:examples/eight-domain-foundation.rcl"/>
    <testcase name="runtime-invocation:examples/foundation-closure.rcl"/>
    <testcase name="runtime-result-shape:examples/foundation-closure.rcl"/>
    <testcase name="runtime-invocation:examples/cognitive-creation-agent.rcl"/>
    <testcase name="runtime-result-shape:examples/cognitive-creation-agent.rcl"/>
    <testcase name="runtime-invocation:examples/meta-runtime-foundation.rcl"/>
    <testcase name="runtime-result-shape:examples/meta-runtime-foundation.rcl"/>
    <testcase name="module-existence"/>
    <testcase name="runtime-coverage"/>
    <testcase name="behavior-mutation"/>
    <testcase name="deterministic-replay"/>
    <testcase name="evidence-production"/>
    <testcase name="negative-authority"/>
    <testcase name="invariant-rejection"/>
    <testcase name="root-consistency"/>
    <testcase name="native-batch-a-runtime-invocation"/>
    <testcase name="native-batch-a-result-shape"/>
    <testcase name="native-batch-a-selfhost"/>
    <testcase name="native-batch-a-deterministic-replay"/>
    <testcase name="native-batch-a-behavior-mutation"/>
    <testcase name="native-batch-a-causal-chain"/>
    <testcase name="native-batch-a-negative-authority"/>
    <testcase name="native-batch-a-invariant-rejection"/>
    <testcase name="native-batch-a-evidence-rejection"/>
    <testcase name="native-batch-a-provider-degradation"/>
    <testcase name="native-batch-a-performance"/>
    <testcase name="native-meta-batch-b-runtime-invocation"/>
    <testcase name="native-meta-batch-b-result-shape"/>
    <testcase name="native-meta-batch-b-selfhost"/>
    <testcase name="native-meta-batch-b-deterministic-replay"/>
    <testcase name="native-meta-batch-b-behavior-mutation"/>
    <testcase name="native-meta-batch-b-causal-chain"/>
    <testcase name="native-meta-batch-b-spacetime-semantics"/>
    <testcase name="native-meta-batch-b-acceleration-semantics"/>
    <testcase name="native-meta-batch-b-compression-semantics"/>
    <testcase name="native-meta-batch-b-negative-authority"/>
    <testcase name="native-meta-batch-b-invariant-rejection"/>
    <testcase name="native-meta-batch-b-evidence-rejection"/>
    <testcase name="native-meta-batch-b-provider-degradation"/>
    <testcase name="native-meta-batch-b-semantic-rejection"/>
    <testcase name="native-meta-batch-b-performance"/>
    <testcase name="native-batch-c-runtime-invocation"/>
    <testcase name="native-batch-c-result-shape"/>
    <testcase name="native-batch-c-selfhost"/>
    <testcase name="native-batch-c-deterministic-replay"/>
    <testcase name="native-batch-c-behavior-mutation"/>
    <testcase name="native-batch-c-causal-chain"/>
    <testcase name="native-batch-c-physical-semantics"/>
    <testcase name="native-batch-c-embodiment-semantics"/>
    <testcase name="native-batch-c-negative-authority"/>
    <testcase name="native-batch-c-invariant-rejection"/>
    <testcase name="native-batch-c-evidence-rejection"/>
    <testcase name="native-batch-c-provider-degradation"/>
    <testcase name="native-batch-c-physical-rejection"/>
    <testcase name="native-batch-c-embodiment-rejection"/>
    <testcase name="native-batch-c-performance"/>
    <testcase name="native-batch-d-runtime-invocation"/>
    <testcase name="native-batch-d-result-shape"/>
    <testcase name="native-batch-d-selfhost"/>
    <testcase name="native-batch-d-deterministic-replay"/>
    <testcase name="native-batch-d-behavior-mutation"/>
    <testcase name="native-batch-d-causal-chain"/>
    <testcase name="native-batch-d-energy-semantics"/>
    <testcase name="native-batch-d-elemental-semantics"/>
    <testcase name="native-batch-d-neural-semantics"/>
    <testcase name="native-batch-d-negative-authority"/>
    <testcase name="native-batch-d-invariant-rejection"/>
    <testcase name="native-batch-d-evidence-rejection"/>
    <testcase name="native-batch-d-provider-degradation"/>
    <testcase name="native-batch-d-energy-rejection"/>
    <testcase name="native-batch-d-elemental-rejection"/>
    <testcase name="native-batch-d-neural-rejection"/>
    <testcase name="native-batch-d-performance"/>
    <testcase name="native-batch-e-runtime-invocation"/>
    <testcase name="native-batch-e-result-shape"/>
    <testcase name="native-batch-e-selfhost"/>
    <testcase name="native-batch-e-deterministic-replay"/>
    <testcase name="native-batch-e-behavior-mutation"/>
    <testcase name="native-batch-e-causal-chain"/>
    <testcase name="native-batch-e-metacomputation-semantics"/>
    <testcase name="native-batch-e-computation-semantics"/>
    <testcase name="native-batch-e-negative-authority"/>
    <testcase name="native-batch-e-invariant-rejection"/>
    <testcase name="native-batch-e-evidence-rejection"/>
    <testcase name="native-batch-e-provider-degradation"/>
    <testcase name="native-batch-e-metacomputation-rejection"/>
    <testcase name="native-batch-e-computation-rejection"/>
    <testcase name="native-batch-e-performance"/>
    <testcase name="native-boundary-explicit"/>
</testsuite>
