<testsuite name="RCL Foundation Conformance" tests="46" failures="0">
    <testcase name="manifest-completeness"/>
    <testcase name="manifest-schema-fields"/>
    <testcase name="version-compatibility"/>
    <testcase name="runtime-invocation:examples/eight-domain-foundation.rcl"/>
    <testcase name="runtime-result-shape:examples/eight-domain-foundation.rcl"/>
    <testcase name="runtime-invocation:examples/foundation-closure.rcl"/>
    <testcase name="runtime-result-shape:examples/foundation-closure.rcl"/>
    <testcase name="runtime-invocation:examples/cognitive-creation-agent.rcl"/>
    <testcase name="runtime-result-shape:examples/cognitive-creation-agent.rcl"/>
    <testcase name="runtime-invocation:examples/meta-runtime-foundation.rcl"/>
    <testcase name="runtime-result-shape:examples/meta-runtime-foundation.rcl"/>
    <testcase name="module-existence"/>
    <testcase name="runtime-coverage"/>
    <testcase name="behavior-mutation"/>
    <testcase name="deterministic-replay"/>
    <testcase name="evidence-production"/>
    <testcase name="negative-authority"/>
    <testcase name="invariant-rejection"/>
    <testcase name="root-consistency"/>
    <testcase name="native-batch-a-runtime-invocation"/>
    <testcase name="native-batch-a-result-shape"/>
    <testcase name="native-batch-a-selfhost"/>
    <testcase name="native-batch-a-deterministic-replay"/>
    <testcase name="native-batch-a-behavior-mutation"/>
    <testcase name="native-batch-a-causal-chain"/>
    <testcase name="native-batch-a-negative-authority"/>
    <testcase name="native-batch-a-invariant-rejection"/>
    <testcase name="native-batch-a-evidence-rejection"/>
    <testcase name="native-batch-a-provider-degradation"/>
    <testcase name="native-batch-a-performance"/>
    <testcase name="native-meta-batch-b-runtime-invocation"/>
    <testcase name="native-meta-batch-b-result-shape"/>
    <testcase name="native-meta-batch-b-selfhost"/>
    <testcase name="native-meta-batch-b-deterministic-replay"/>
    <testcase name="native-meta-batch-b-behavior-mutation"/>
    <testcase name="native-meta-batch-b-causal-chain"/>
    <testcase name="native-meta-batch-b-spacetime-semantics"/>
    <testcase name="native-meta-batch-b-acceleration-semantics"/>
    <testcase name="native-meta-batch-b-compression-semantics"/>
    <testcase name="native-meta-batch-b-negative-authority"/>
    <testcase name="native-meta-batch-b-invariant-rejection"/>
    <testcase name="native-meta-batch-b-evidence-rejection"/>
    <testcase name="native-meta-batch-b-provider-degradation"/>
    <testcase name="native-meta-batch-b-semantic-rejection"/>
    <testcase name="native-meta-batch-b-performance"/>
    <testcase name="native-boundary-explicit"/>
</testsuite>
